{
  "stats": {
    "suites": 37,
    "tests": 66,
    "passes": 63,
    "pending": 0,
    "failures": 1,
    "testsRegistered": 66,
    "passPercent": 95.45454545454545,
    "pendingPercent": 0,
    "other": 0,
    "hasOther": false,
    "skipped": 2,
    "hasSkipped": true,
    "start": "2023-07-18T06:06:22.011Z",
    "end": "2023-07-19T01:01:25.497Z",
    "duration": 68103486
  },
  "results": [
    {
      "uuid": "e8ec1956-6d00-42c5-8423-176c788a9fd9",
      "title": "",
      "fullFile": "cypress/e2e/automation-text-store/add-multiple-items-to-basket.js",
      "file": "cypress/e2e/automation-text-store/add-multiple-items-to-basket.js",
      "beforeHooks": [],
      "afterHooks": [],
      "tests": [],
      "suites": [
        {
          "uuid": "a550af1a-f213-416c-937b-8c4783203c3f",
          "title": "Add multiple items to basket",
          "fullFile": "",
          "file": "",
          "beforeHooks": [],
          "afterHooks": [],
          "tests": [
            {
              "title": "Add specific items to basket",
              "fullTitle": "Add multiple items to basket Add specific items to basket",
              "timedOut": null,
              "duration": 6613,
              "state": "passed",
              "speed": "medium",
              "pass": true,
              "fail": false,
              "pending": false,
              "context": null,
              "code": "autoStore_HairCare_PO.addHairCareProductsToBasket();",
              "err": {},
              "uuid": "f3cca781-dcd2-4ccd-85f8-7effc32091f8",
              "parentUUID": "a550af1a-f213-416c-937b-8c4783203c3f",
              "isHook": false,
              "skipped": false
            }
          ],
          "suites": [],
          "passes": [
            "f3cca781-dcd2-4ccd-85f8-7effc32091f8"
          ],
          "failures": [],
          "pending": [],
          "skipped": [],
          "duration": 6613,
          "root": false,
          "rootEmpty": false,
          "_timeout": 2000
        }
      ],
      "passes": [],
      "failures": [],
      "pending": [],
      "skipped": [],
      "duration": 0,
      "root": true,
      "rootEmpty": true,
      "_timeout": 2000
    },
    {
      "uuid": "48bcfa9b-70cd-4d79-89ca-874be2d66329",
      "title": "",
      "fullFile": "cypress/e2e/automation-text-store/alias-invoke.js",
      "file": "cypress/e2e/automation-text-store/alias-invoke.js",
      "beforeHooks": [],
      "afterHooks": [],
      "tests": [],
      "suites": [
        {
          "uuid": "1e08ba61-c440-4688-9a9f-4afdacee7749",
          "title": "Alias and invoke",
          "fullFile": "",
          "file": "",
          "beforeHooks": [],
          "afterHooks": [],
          "tests": [
            {
              "title": "Calculate total of normal and sale products",
              "fullTitle": "Alias and invoke Calculate total of normal and sale products",
              "timedOut": null,
              "duration": 3901,
              "state": "passed",
              "speed": "fast",
              "pass": true,
              "fail": false,
              "pending": false,
              "context": null,
              "code": "cy.visit(\"https://www.automationteststore.com/\");\ncy.get('.thumbnail').as('productThumbnail');\n// cy.get('@productThumbnail').find('.oneprice').each(($el, index, $list)=>{\n//     cy.log($el.text())\n// })\ncy.get('.thumbnail').find('.oneprice').invoke('text').as('itemPrice');\ncy.get('.thumbnail').find('.pricenew').invoke('text').as('saleItemPrice');\nvar itemsTotal = 0;\ncy.get('@itemPrice').then($linkText => {\n  var itemsPriceTotal = 0;\n  var itemPrice = $linkText.split('$');\n  for (var i = 0; i < itemPrice.length; i++) {\n    cy.log(itemPrice[i]);\n    itemsPriceTotal += Number(itemPrice[i]);\n  }\n  itemsTotal += itemsPriceTotal;\n  cy.log(\"Non sale price items total: \" + itemsPriceTotal);\n});\ncy.get('@saleItemPrice').then($linkText => {\n  var saleItemsPriceTotal = 0;\n  var saleItemPrice = $linkText.split('$');\n  for (var i = 0; i < saleItemPrice.length; i++) {\n    cy.log(saleItemPrice[i]);\n    saleItemsPriceTotal += Number(saleItemPrice[i]);\n  }\n  cy.log(\"Sale price item total: \" + saleItemsPriceTotal);\n}).then(() => {\n  cy.log(\"The total price of all products: \" + itemsTotal);\n  expect(itemsTotal).to.equal(257.5);\n});",
              "err": {},
              "uuid": "32917f93-5835-4a85-8c20-2bb043782864",
              "parentUUID": "1e08ba61-c440-4688-9a9f-4afdacee7749",
              "isHook": false,
              "skipped": false
            }
          ],
          "suites": [],
          "passes": [
            "32917f93-5835-4a85-8c20-2bb043782864"
          ],
          "failures": [],
          "pending": [],
          "skipped": [],
          "duration": 3901,
          "root": false,
          "rootEmpty": false,
          "_timeout": 2000
        }
      ],
      "passes": [],
      "failures": [],
      "pending": [],
      "skipped": [],
      "duration": 0,
      "root": true,
      "rootEmpty": true,
      "_timeout": 2000
    },
    {
      "uuid": "c5820d9e-e1bc-4a4e-9a7c-cda028256a65",
      "title": "",
      "fullFile": "cypress/e2e/automation-text-store/contact-us.js",
      "file": "cypress/e2e/automation-text-store/contact-us.js",
      "beforeHooks": [],
      "afterHooks": [],
      "tests": [],
      "suites": [
        {
          "uuid": "da4b207c-3e07-40c1-a060-ea8e3a681234",
          "title": "Test Contact Us form via Automation Test Store",
          "fullFile": "",
          "file": "",
          "beforeHooks": [],
          "afterHooks": [],
          "tests": [
            {
              "title": "Should be able to submit a successful submission via contact us form",
              "fullTitle": "Test Contact Us form via Automation Test Store Should be able to submit a successful submission via contact us form",
              "timedOut": null,
              "duration": 8651,
              "state": "passed",
              "speed": "medium",
              "pass": true,
              "fail": false,
              "pending": false,
              "context": null,
              "code": "cy.visit('https://www.automationteststore.com/');\ncy.get('.info_links_footer > :nth-child(5) > a').click().then(function (contactText) {\n  cy.log(\"The text is: \" + contactText.text());\n});\ncy.get('@user').then(user => {\n  cy.get('#ContactUsFrm_first_name').type(user.first_name);\n  cy.get('#ContactUsFrm_email').type(user.email);\n});\ncy.get('#ContactUsFrm_email').should('have.attr', 'name', 'email');\ncy.get('#ContactUsFrm_enquiry').type('Do you provide additional discount?');\ncy.get('button[title=\"Submit\"]').click();\ncy.get('.mb40 > :nth-child(3)').should('have.text', 'Your enquiry has been successfully sent to the store owner!');\ncy.log(\"Test is completed!\");",
              "err": {},
              "uuid": "01dcb470-fb64-4854-aa8f-8481c38921a4",
              "parentUUID": "da4b207c-3e07-40c1-a060-ea8e3a681234",
              "isHook": false,
              "skipped": false
            }
          ],
          "suites": [],
          "passes": [
            "01dcb470-fb64-4854-aa8f-8481c38921a4"
          ],
          "failures": [],
          "pending": [],
          "skipped": [],
          "duration": 8651,
          "root": false,
          "rootEmpty": false,
          "_timeout": 2000
        }
      ],
      "passes": [],
      "failures": [],
      "pending": [],
      "skipped": [],
      "duration": 0,
      "root": true,
      "rootEmpty": true,
      "_timeout": 2000
    },
    {
      "uuid": "f51a642a-1a3f-41ba-ac00-6d2a5f79faf2",
      "title": "",
      "fullFile": "cypress/e2e/automation-text-store/inspect-item.js",
      "file": "cypress/e2e/automation-text-store/inspect-item.js",
      "beforeHooks": [],
      "afterHooks": [],
      "tests": [],
      "suites": [
        {
          "uuid": "d4a6888c-1d5c-4afc-970b-665f0bb2b81f",
          "title": "Inspect Automation Test Store items using chain of commands",
          "fullFile": "",
          "file": "",
          "beforeHooks": [],
          "afterHooks": [],
          "tests": [
            {
              "title": "Click on the first item using item text",
              "fullTitle": "Inspect Automation Test Store items using chain of commands Click on the first item using item text",
              "timedOut": null,
              "duration": 6172,
              "state": "passed",
              "speed": "medium",
              "pass": true,
              "fail": false,
              "pending": false,
              "context": null,
              "code": "cy.visit('https://www.automationteststore.com/');\n//cy.get('.prdocutname').contains('Skinsheen Bronzer Stick').click()\ncy.get('.prdocutname').contains('Skinsheen Bronzer Stick').click().then(function (itemHeaderText) {\n  console.log(\"Selected the following item: \" + itemHeaderText.text());\n});",
              "err": {},
              "uuid": "9e1f19bd-23c8-4a5e-8da7-681b426c3d87",
              "parentUUID": "d4a6888c-1d5c-4afc-970b-665f0bb2b81f",
              "isHook": false,
              "skipped": false
            }
          ],
          "suites": [],
          "passes": [
            "9e1f19bd-23c8-4a5e-8da7-681b426c3d87"
          ],
          "failures": [],
          "pending": [],
          "skipped": [],
          "duration": 6172,
          "root": false,
          "rootEmpty": false,
          "_timeout": 2000
        }
      ],
      "passes": [],
      "failures": [],
      "pending": [],
      "skipped": [],
      "duration": 0,
      "root": true,
      "rootEmpty": true,
      "_timeout": 2000
    },
    {
      "uuid": "0fe6d349-0b31-42c5-88e4-62e25f380280",
      "title": "",
      "fullFile": "cypress/e2e/automation-text-store/iterate-over-elements.js",
      "file": "cypress/e2e/automation-text-store/iterate-over-elements.js",
      "beforeHooks": [],
      "afterHooks": [],
      "tests": [],
      "suites": [
        {
          "uuid": "84d78c4c-0d5d-4c53-b694-b4e689dfe5a0",
          "title": "Iterate over elements",
          "fullFile": "",
          "file": "",
          "beforeHooks": [],
          "afterHooks": [],
          "tests": [
            {
              "title": "Log information of all hair care products",
              "fullTitle": "Iterate over elements Log information of all hair care products",
              "timedOut": null,
              "duration": 7172,
              "state": "passed",
              "speed": "medium",
              "pass": true,
              "fail": false,
              "pending": false,
              "context": null,
              "code": "// cy.get('.fixed_wrapper .prdocutname').each(($el, index, $list) => {\n//     cy.log(\"Index: \" + index + \" : \" + $el.text())\n// })\ncy.selectProduct('Eau Parfumee au The Vert Shampoo');",
              "err": {},
              "uuid": "6fd20d0f-16cb-4e99-ac73-adda007c6fee",
              "parentUUID": "84d78c4c-0d5d-4c53-b694-b4e689dfe5a0",
              "isHook": false,
              "skipped": false
            },
            {
              "title": "Add specific product to basket",
              "fullTitle": "Iterate over elements Add specific product to basket",
              "timedOut": null,
              "duration": 6651,
              "state": "passed",
              "speed": "medium",
              "pass": true,
              "fail": false,
              "pending": false,
              "context": null,
              "code": "cy.selectProduct('Curls to straight Shampoo');",
              "err": {},
              "uuid": "21ca2287-5dfd-401c-9414-b819f0e27fbd",
              "parentUUID": "84d78c4c-0d5d-4c53-b694-b4e689dfe5a0",
              "isHook": false,
              "skipped": false
            },
            {
              "title": "Add another product to basket",
              "fullTitle": "Iterate over elements Add another product to basket",
              "timedOut": null,
              "duration": 7350,
              "state": "passed",
              "speed": "medium",
              "pass": true,
              "fail": false,
              "pending": false,
              "context": null,
              "code": "cy.selectProduct('Seaweed Conditioner');",
              "err": {},
              "uuid": "66898acc-ad15-49f8-a03a-e3528a612251",
              "parentUUID": "84d78c4c-0d5d-4c53-b694-b4e689dfe5a0",
              "isHook": false,
              "skipped": false
            }
          ],
          "suites": [],
          "passes": [
            "6fd20d0f-16cb-4e99-ac73-adda007c6fee",
            "21ca2287-5dfd-401c-9414-b819f0e27fbd",
            "66898acc-ad15-49f8-a03a-e3528a612251"
          ],
          "failures": [],
          "pending": [],
          "skipped": [],
          "duration": 21173,
          "root": false,
          "rootEmpty": false,
          "_timeout": 2000
        }
      ],
      "passes": [],
      "failures": [],
      "pending": [],
      "skipped": [],
      "duration": 0,
      "root": true,
      "rootEmpty": true,
      "_timeout": 2000
    },
    {
      "uuid": "a040466f-fc13-4b15-851d-faba8bfb33e0",
      "title": "",
      "fullFile": "cypress/e2e/automation-text-store/variables-and-cy-commands.js",
      "file": "cypress/e2e/automation-text-store/variables-and-cy-commands.js",
      "beforeHooks": [],
      "afterHooks": [],
      "tests": [],
      "suites": [
        {
          "uuid": "0825b41e-54a2-4bd5-af1e-725a6d2ce935",
          "title": "Verifying variables, cypress commands and jquery commands",
          "fullFile": "",
          "file": "",
          "beforeHooks": [],
          "afterHooks": [],
          "tests": [
            {
              "title": "Validate properties of the Contact Us Page",
              "fullTitle": "Verifying variables, cypress commands and jquery commands Validate properties of the Contact Us Page",
              "timedOut": null,
              "duration": 2946,
              "state": "passed",
              "speed": "fast",
              "pass": true,
              "fail": false,
              "pending": false,
              "context": null,
              "code": "cy.visit('https://automationteststore.com/index.php?rt=content/contact');\n//Uses cypress commands and chaining\ncy.contains('#ContactUsFrm', 'Contact Us Form').find('#field_11').should('contain', 'First name');\ncy.contains('#ContactUsFrm', 'Contact Us Form').find('#field_12').should('contain', 'Email');\n// JQuery Approach\ncy.contains('#ContactUsFrm', 'Contact Us Form').then(text => {\n  const firstNameText = text.find('#field_11').text();\n  expect(firstNameText).to.contain('First name');\n  const emailText = text.find('#field_12').text();\n  expect(emailText).to.contain('Email');\n  //embedded commands(Closure)\n  cy.get('#field_11').then(fnText => {\n    cy.log(fnText.text());\n    cy.log(fnText);\n  });\n});\n//",
              "err": {},
              "uuid": "a5d2fe25-00f4-4680-b99c-f38d63b06ebe",
              "parentUUID": "0825b41e-54a2-4bd5-af1e-725a6d2ce935",
              "isHook": false,
              "skipped": false
            }
          ],
          "suites": [],
          "passes": [
            "a5d2fe25-00f4-4680-b99c-f38d63b06ebe"
          ],
          "failures": [],
          "pending": [],
          "skipped": [],
          "duration": 2946,
          "root": false,
          "rootEmpty": false,
          "_timeout": 2000
        }
      ],
      "passes": [],
      "failures": [],
      "pending": [],
      "skipped": [],
      "duration": 0,
      "root": true,
      "rootEmpty": true,
      "_timeout": 2000
    },
    {
      "uuid": "d1e05546-bf2d-4cfc-95db-564192fcdfcf",
      "title": "",
      "fullFile": "cypress/e2e/webdriver-uni/autocomplete-dropdown-list.js",
      "file": "cypress/e2e/webdriver-uni/autocomplete-dropdown-list.js",
      "beforeHooks": [],
      "afterHooks": [],
      "tests": [],
      "suites": [
        {
          "uuid": "65358710-fb99-49ba-ba2e-cf9919a89d38",
          "title": "Verify Autocomplete dropdown lists via webdriveruni",
          "fullFile": "",
          "file": "",
          "beforeHooks": [],
          "afterHooks": [],
          "tests": [
            {
              "title": "Select specific product via autocomplete list",
              "fullTitle": "Verify Autocomplete dropdown lists via webdriveruni Select specific product via autocomplete list",
              "timedOut": null,
              "duration": 2042,
              "state": "passed",
              "speed": "fast",
              "pass": true,
              "fail": false,
              "pending": false,
              "context": null,
              "code": "// cy.visit('http://www.webdriveruniversity.com/Contact-Us/contactus.html')\ncy.visit(\"/\");\ncy.get(\"#autocomplete-textfield\").invoke(\"removeAttr\", \"target\").click({\n  force: true\n});\ncy.get('#myInput').type('A');\ncy.get('#myInputautocomplete-list').each(($el, index, $list) => {\n  const prod = $el.text();\n  const productToSelect = 'Avacado';\n  if (prod === productToSelect) {\n    $el.trigger(\"click\");\n    cy.get('#submit-button').click;\n    cy.url().should('include', productToSelect);\n  }\n}).then(() => {\n  cy.get('#myInput').type('g');\n  cy.get('#myInputautocomplete-list').each(($el, index, $list) => {\n    const prod = $el.text();\n    const productToSelect = 'Grapes';\n    if (prod === productToSelect) {\n      $el.trigger(\"click\");\n      cy.get('#submit-button').click;\n      cy.url().should('include', productToSelect);\n    }\n  });\n});",
              "err": {},
              "uuid": "e9e1ed0e-2ea9-4d4e-92bf-bf5d264285f1",
              "parentUUID": "65358710-fb99-49ba-ba2e-cf9919a89d38",
              "isHook": false,
              "skipped": false
            }
          ],
          "suites": [],
          "passes": [
            "e9e1ed0e-2ea9-4d4e-92bf-bf5d264285f1"
          ],
          "failures": [],
          "pending": [],
          "skipped": [],
          "duration": 2042,
          "root": false,
          "rootEmpty": false,
          "_timeout": 2000
        }
      ],
      "passes": [],
      "failures": [],
      "pending": [],
      "skipped": [],
      "duration": 0,
      "root": true,
      "rootEmpty": true,
      "_timeout": 2000
    },
    {
      "uuid": "c8a405eb-df5d-4a4f-b343-7b22f23851ed",
      "title": "",
      "fullFile": "cypress/e2e/webdriver-uni/browser-navigation.js",
      "file": "cypress/e2e/webdriver-uni/browser-navigation.js",
      "beforeHooks": [],
      "afterHooks": [],
      "tests": [],
      "suites": [
        {
          "uuid": "27c6335e-ef87-4888-91c5-3c8b7fad65ec",
          "title": "Validate webdriveruni homepage links",
          "fullFile": "",
          "file": "",
          "beforeHooks": [],
          "afterHooks": [],
          "tests": [
            {
              "title": "Confirm links redirect to the correct pages",
              "fullTitle": "Validate webdriveruni homepage links Confirm links redirect to the correct pages",
              "timedOut": null,
              "duration": 3541,
              "state": "passed",
              "speed": "fast",
              "pass": true,
              "fail": false,
              "pending": false,
              "context": null,
              "code": "// cy.visit('http://www.webdriveruniversity.com/Contact-Us/contactus.html')\ncy.visit('/');\ncy.get('#contact-us').invoke('removeAttr', 'target').click({\n  force: true\n});\ncy.url().should('include', 'contactus');\ncy.go('back');\ncy.reload();\n//cy.reload(true)// reload without cache\ncy.go('forward');\ncy.url().should('include', 'contactus');\ncy.go('back');\ncy.get('#login-portal').invoke('removeAttr', 'target').click({\n  force: true\n});\ncy.url().should('include', 'Login-Portal');\ncy.go('back');\ncy.get('#to-do-list').invoke('removeAttr', 'target').click();\ncy.url().should('include', 'To-Do-List');\ncy.go('back');",
              "err": {},
              "uuid": "2a11b1e1-fd1a-4660-987a-828db39fa19c",
              "parentUUID": "27c6335e-ef87-4888-91c5-3c8b7fad65ec",
              "isHook": false,
              "skipped": false
            }
          ],
          "suites": [],
          "passes": [
            "2a11b1e1-fd1a-4660-987a-828db39fa19c"
          ],
          "failures": [],
          "pending": [],
          "skipped": [],
          "duration": 3541,
          "root": false,
          "rootEmpty": false,
          "_timeout": 2000
        }
      ],
      "passes": [],
      "failures": [],
      "pending": [],
      "skipped": [],
      "duration": 0,
      "root": true,
      "rootEmpty": true,
      "_timeout": 2000
    },
    {
      "uuid": "38d59721-38e5-48ee-a874-c4cd7bae1819",
      "title": "",
      "fullFile": "cypress/e2e/webdriver-uni/checkboxes.js",
      "file": "cypress/e2e/webdriver-uni/checkboxes.js",
      "beforeHooks": [],
      "afterHooks": [],
      "tests": [],
      "suites": [
        {
          "uuid": "a8e3d6da-a781-4838-96de-d92e7c81aa73",
          "title": "Verify checkboxes via webdriveruni",
          "fullFile": "",
          "file": "",
          "beforeHooks": [],
          "afterHooks": [],
          "tests": [
            {
              "title": "Check and validate checkboxes",
              "fullTitle": "Verify checkboxes via webdriveruni Check and validate checkboxes",
              "timedOut": null,
              "duration": 1194,
              "state": "passed",
              "speed": "fast",
              "pass": true,
              "fail": false,
              "pending": false,
              "context": null,
              "code": "// cy.visit('http://www.webdriveruniversity.com/Contact-Us/contactus.html')\n//cy.get('#checkboxes > :nth-child(1) > input').check()\n// cy.get('#checkboxes > :nth-child(1) > input').should('be.checked')\ncy.get('#checkboxes > :nth-child(1) > input').as('option-1');\n//cy.get('@option-1').check()\ncy.get('@option-1').check().should('be.checked');",
              "err": {},
              "uuid": "3fd0dd1c-6064-46c9-acaa-9be18d7f86f6",
              "parentUUID": "a8e3d6da-a781-4838-96de-d92e7c81aa73",
              "isHook": false,
              "skipped": false
            },
            {
              "title": "Uncheck and validate the checkbox",
              "fullTitle": "Verify checkboxes via webdriveruni Uncheck and validate the checkbox",
              "timedOut": null,
              "duration": 306,
              "state": "passed",
              "speed": "fast",
              "pass": true,
              "fail": false,
              "pending": false,
              "context": null,
              "code": "cy.get(':nth-child(5) > input').as('option-3');\ncy.get('@option-3').uncheck().should('not.be.checked');",
              "err": {},
              "uuid": "83ffa411-7117-4643-9927-253929b6f911",
              "parentUUID": "a8e3d6da-a781-4838-96de-d92e7c81aa73",
              "isHook": false,
              "skipped": false
            },
            {
              "title": "Check multiple checkboxes",
              "fullTitle": "Verify checkboxes via webdriveruni Check multiple checkboxes",
              "timedOut": null,
              "duration": 455,
              "state": "passed",
              "speed": "fast",
              "pass": true,
              "fail": false,
              "pending": false,
              "context": null,
              "code": "cy.get('input[type=\"checkbox\"]').check(['option-1', 'option-2', 'option-3', 'option-4']).should('be.checked');",
              "err": {},
              "uuid": "ee9a7936-223c-434e-8ce6-6877ffe1d3e5",
              "parentUUID": "a8e3d6da-a781-4838-96de-d92e7c81aa73",
              "isHook": false,
              "skipped": false
            }
          ],
          "suites": [],
          "passes": [
            "3fd0dd1c-6064-46c9-acaa-9be18d7f86f6",
            "83ffa411-7117-4643-9927-253929b6f911",
            "ee9a7936-223c-434e-8ce6-6877ffe1d3e5"
          ],
          "failures": [],
          "pending": [],
          "skipped": [],
          "duration": 1955,
          "root": false,
          "rootEmpty": false,
          "_timeout": 2000
        }
      ],
      "passes": [],
      "failures": [],
      "pending": [],
      "skipped": [],
      "duration": 0,
      "root": true,
      "rootEmpty": true,
      "_timeout": 2000
    },
    {
      "uuid": "2bbb8b38-be92-4ab0-bfef-d9b5fb6e6907",
      "title": "",
      "fullFile": "cypress/e2e/webdriver-uni/contact-us.js",
      "file": "cypress/e2e/webdriver-uni/contact-us.js",
      "beforeHooks": [],
      "afterHooks": [],
      "tests": [],
      "suites": [
        {
          "uuid": "d34efe80-cc04-4f76-a86c-521a8be3a643",
          "title": "Test Contact Us form via WebdriverUni",
          "fullFile": "",
          "file": "",
          "beforeHooks": [],
          "afterHooks": [],
          "tests": [
            {
              "title": "Should be able to submit a successful submission via contact us form",
              "fullTitle": "Test Contact Us form via WebdriverUni Should be able to submit a successful submission via contact us form",
              "timedOut": null,
              "duration": 4642,
              "state": "passed",
              "speed": "fast",
              "pass": true,
              "fail": false,
              "pending": false,
              "context": null,
              "code": "contactus_PO.contactForm_Submission(Cypress.env('first_name'), data.last_name, data.email, \"How can I learn Cypress?\", 'h1', 'Thank You for your Message!');\n// cy.visit('http://www.webdriveruniversity.com/Contact-Us/contactus.html')\n// cy.get('#contact-us').click({force:true})\n//    cy.get('[name=\"first_name\"]').type(data.first_name)\n//    cy.get('[name=\"last_name\"]').type(data.last_name)\n//    cy.get('[name=\"email\"]').type(data.email)\n//    cy.get('textarea.feedback-input').type(\"It is a good day!\")\n//    cy.get('[type=\"submit\"]').click();\n//    cy.get('h1').should('have.text', 'Thank You for your Message!')\n//  cy.webdriverUni_ContactForm_Submission(Cypress.env('first_name'), data.last_name, data.email, \"How can I learn Cypress?\",'h1', 'Thank You for your Message!')",
              "err": {},
              "uuid": "857718be-e86d-4629-bd43-7530cec79ea5",
              "parentUUID": "d34efe80-cc04-4f76-a86c-521a8be3a643",
              "isHook": false,
              "skipped": false
            },
            {
              "title": "Should not be able to submit a successful submission via contact us form",
              "fullTitle": "Test Contact Us form via WebdriverUni Should not be able to submit a successful submission via contact us form",
              "timedOut": null,
              "duration": 2861,
              "state": "passed",
              "speed": "fast",
              "pass": true,
              "fail": false,
              "pending": false,
              "context": null,
              "code": "contactus_PO.contactForm_Submission(data.first_name, data.last_name, \" \", \"How can I learn Cypress??\", 'body', 'Error: Invalid email address');\n// cy.visit('http://www.webdriveruniversity.com/Contact-Us/contactus.html')\n//     cy.get('[name=\"first_name\"]').type(data.first_name)\n//    cy.get('[name=\"last_name\"]').type(data.last_name)\n//    //cy.get('[name=\"email\"]').type('test@test.com')\n//    cy.get('textarea.feedback-input').type(\"It is a good day!\")\n//    cy.get('[type=\"submit\"]').click()\n//    cy.get('body').contains('Error: all fields are required');\n// cy.webdriverUni_ContactForm_Submission(data.first_name, data.last_name, \" \", \"How can I learn Cypress?\",'body', 'Error: Invalid email address');",
              "err": {},
              "uuid": "fbb98eff-bd06-4946-852e-53f427024a31",
              "parentUUID": "d34efe80-cc04-4f76-a86c-521a8be3a643",
              "isHook": false,
              "skipped": false
            }
          ],
          "suites": [],
          "passes": [
            "857718be-e86d-4629-bd43-7530cec79ea5",
            "fbb98eff-bd06-4946-852e-53f427024a31"
          ],
          "failures": [],
          "pending": [],
          "skipped": [],
          "duration": 7503,
          "root": false,
          "rootEmpty": false,
          "_timeout": 2000
        }
      ],
      "passes": [],
      "failures": [],
      "pending": [],
      "skipped": [],
      "duration": 0,
      "root": true,
      "rootEmpty": true,
      "_timeout": 2000
    },
    {
      "uuid": "0b10bb79-855f-439f-b299-c52105423647",
      "title": "",
      "fullFile": "cypress/e2e/webdriver-uni/data-tables.js",
      "file": "cypress/e2e/webdriver-uni/data-tables.js",
      "beforeHooks": [],
      "afterHooks": [],
      "tests": [],
      "suites": [
        {
          "uuid": "890f6809-d454-4683-8604-da406875043d",
          "title": "Handling data via webdriveruni",
          "fullFile": "",
          "file": "",
          "beforeHooks": [],
          "afterHooks": [],
          "tests": [
            {
              "title": "Calculate and assert the total age of all users",
              "fullTitle": "Handling data via webdriveruni Calculate and assert the total age of all users",
              "timedOut": null,
              "duration": 1730,
              "state": "passed",
              "speed": "fast",
              "pass": true,
              "fail": false,
              "pending": false,
              "context": null,
              "code": "var userDetails = [];\nlet num = 0;\ncy.get(\"#thumbnail-1 td\").each(($el, index, $list) => {\n  userDetails[index] = $el.text();\n}).then(() => {\n  var i;\n  for (i = 0; i < userDetails.length; i++) {\n    if (Number(userDetails[i])) {\n      num += Number(userDetails[i]);\n    }\n  }\n  cy.log(\"Found total age: \" + num);\n  expect(num).to.eq(322);\n});",
              "err": {},
              "uuid": "bd0de8ef-ca7e-4d16-929c-7c23ac3943b3",
              "parentUUID": "890f6809-d454-4683-8604-da406875043d",
              "isHook": false,
              "skipped": false
            },
            {
              "title": "Calculate and assert the age of a given user based on last name",
              "fullTitle": "Handling data via webdriveruni Calculate and assert the age of a given user based on last name",
              "timedOut": null,
              "duration": 462,
              "state": "passed",
              "speed": "fast",
              "pass": true,
              "fail": false,
              "pending": false,
              "context": null,
              "code": "cy.get('#thumbnail-1 tr td:nth-child(2)').each(($el, index, $list) => {\n  const text = $el.text();\n  if (text.includes('Woods')) {\n    cy.get('#thumbnail-1 tr td:nth-child(2)').eq(index).next().then(function (age) {\n      const userAge = age.text();\n      expect(userAge).to.equal('80');\n    });\n  }\n});",
              "err": {},
              "uuid": "3e56414c-548f-4d8d-bd35-b0d4bd00f2e9",
              "parentUUID": "890f6809-d454-4683-8604-da406875043d",
              "isHook": false,
              "skipped": false
            }
          ],
          "suites": [],
          "passes": [
            "bd0de8ef-ca7e-4d16-929c-7c23ac3943b3",
            "3e56414c-548f-4d8d-bd35-b0d4bd00f2e9"
          ],
          "failures": [],
          "pending": [],
          "skipped": [],
          "duration": 2192,
          "root": false,
          "rootEmpty": false,
          "_timeout": 2000
        }
      ],
      "passes": [],
      "failures": [],
      "pending": [],
      "skipped": [],
      "duration": 0,
      "root": true,
      "rootEmpty": true,
      "_timeout": 2000
    },
    {
      "uuid": "5bc6c8ef-06db-4186-bc15-4a1086ad70fc",
      "title": "",
      "fullFile": "cypress/e2e/webdriver-uni/datepicker.js",
      "file": "cypress/e2e/webdriver-uni/datepicker.js",
      "beforeHooks": [],
      "afterHooks": [],
      "tests": [],
      "suites": [
        {
          "uuid": "fef1fe2d-ac9e-4bf5-8492-e8d75f404b02",
          "title": "Test Datepicker via webdriveruni",
          "fullFile": "",
          "file": "",
          "beforeHooks": [],
          "afterHooks": [],
          "tests": [
            {
              "title": "Select date from the datepicker",
              "fullTitle": "Test Datepicker via webdriveruni Select date from the datepicker",
              "timedOut": null,
              "duration": 2087,
              "state": "passed",
              "speed": "fast",
              "pass": true,
              "fail": false,
              "pending": false,
              "context": null,
              "code": "// cy.visit('http://www.webdriveruniversity.com/Contact-Us/contactus.html')\ncy.visit(\"/\");\ncy.get(\"#datepicker\").invoke(\"removeAttr\", \"target\").click({\n  force: true\n});\ncy.url().should(\"include\", \"Datepicker\");\ncy.get(\"#datepicker\").click();\n// let date = new Date();\n// date.setDate(date.getDate())// get current day 20 july\n// cy.log(date.getDate());\n// let date1 = new Date();\n// date1.setDate(date.getDate() + 5);\n// cy.log(date1.getDate())\nvar date = new Date();\ndate.setDate(date.getDate() + 107);\nvar futureYear = date.getFullYear();\nvar futureMonth = date.toLocaleString(\"default\", {\n  month: \"long\"\n});\nvar futureDay = date.getDate();\ncy.log(futureYear);\ncy.log(futureMonth);\ncy.log(futureDay);\nfunction selectMonthAndYear() {\n  cy.get(\".datepicker-dropdown\").find(\".datepicker-switch\").first().then(currentDate => {\n    if (!currentDate.text().includes(futureYear)) {\n      cy.get(\".next\").first().click();\n      selectMonthAndYear();\n    }\n  }).then(() => {\n    cy.get(\".datepicker-dropdown\").find(\".datepicker-switch\").first().then(currentDate => {\n      if (!currentDate.text().includes(futureMonth)) {\n        cy.get(\".next\").first().click();\n        selectMonthAndYear();\n      }\n    });\n  });\n}\nfunction selectFutureDay() {\n  cy.get('[class=\"day\"]').contains(futureDay).click();\n}\nselectMonthAndYear();\nselectFutureDay();",
              "err": {},
              "uuid": "c7a1daf5-cae1-4cd9-8465-efe2dfa3de17",
              "parentUUID": "fef1fe2d-ac9e-4bf5-8492-e8d75f404b02",
              "isHook": false,
              "skipped": false
            }
          ],
          "suites": [],
          "passes": [
            "c7a1daf5-cae1-4cd9-8465-efe2dfa3de17"
          ],
          "failures": [],
          "pending": [],
          "skipped": [],
          "duration": 2087,
          "root": false,
          "rootEmpty": false,
          "_timeout": 2000
        }
      ],
      "passes": [],
      "failures": [],
      "pending": [],
      "skipped": [],
      "duration": 0,
      "root": true,
      "rootEmpty": true,
      "_timeout": 2000
    },
    {
      "uuid": "9aa41dbe-893a-42c1-a85a-26fc94733e69",
      "title": "",
      "fullFile": "cypress/e2e/webdriver-uni/file-upload.js",
      "file": "cypress/e2e/webdriver-uni/file-upload.js",
      "beforeHooks": [],
      "afterHooks": [],
      "tests": [],
      "suites": [
        {
          "uuid": "d47513c6-cce8-48e1-9f7d-cff2b7d7e4d8",
          "title": "Test File Upload via webdriveruni",
          "fullFile": "",
          "file": "",
          "beforeHooks": [],
          "afterHooks": [],
          "tests": [
            {
              "title": "Upload a file ... ",
              "fullTitle": "Test File Upload via webdriveruni Upload a file ... ",
              "timedOut": null,
              "duration": 1781,
              "state": "passed",
              "speed": "fast",
              "pass": true,
              "fail": false,
              "pending": false,
              "context": null,
              "code": "cy.get('#myFile').selectFile('cypress/fixtures/kesha.png');\ncy.get('#submit-button').click();",
              "err": {},
              "uuid": "75da6dbc-6840-407c-bbdd-0ea4c366855d",
              "parentUUID": "d47513c6-cce8-48e1-9f7d-cff2b7d7e4d8",
              "isHook": false,
              "skipped": false
            },
            {
              "title": "Upload no file",
              "fullTitle": "Test File Upload via webdriveruni Upload no file",
              "timedOut": null,
              "duration": 627,
              "state": "passed",
              "speed": "fast",
              "pass": true,
              "fail": false,
              "pending": false,
              "context": null,
              "code": "cy.get('#submit-button').click();",
              "err": {},
              "uuid": "73cb57db-6cb2-4576-b540-6ec4248a65d8",
              "parentUUID": "d47513c6-cce8-48e1-9f7d-cff2b7d7e4d8",
              "isHook": false,
              "skipped": false
            }
          ],
          "suites": [],
          "passes": [
            "75da6dbc-6840-407c-bbdd-0ea4c366855d",
            "73cb57db-6cb2-4576-b540-6ec4248a65d8"
          ],
          "failures": [],
          "pending": [],
          "skipped": [],
          "duration": 2408,
          "root": false,
          "rootEmpty": false,
          "_timeout": 2000
        }
      ],
      "passes": [],
      "failures": [],
      "pending": [],
      "skipped": [],
      "duration": 0,
      "root": true,
      "rootEmpty": true,
      "_timeout": 2000
    },
    {
      "uuid": "ee58a09c-470d-4aeb-8d14-85cc60cdedf1",
      "title": "",
      "fullFile": "cypress/e2e/webdriver-uni/iframe.js",
      "file": "cypress/e2e/webdriver-uni/iframe.js",
      "beforeHooks": [],
      "afterHooks": [],
      "tests": [],
      "suites": [
        {
          "uuid": "dab1358c-b1a5-471e-9298-5d52cc7df7f9",
          "title": "Handling IFrame & Modals",
          "fullFile": "",
          "file": "",
          "beforeHooks": [],
          "afterHooks": [],
          "tests": [
            {
              "title": "Handle webdriveruni iframe and modal",
              "fullTitle": "Handling IFrame & Modals Handle webdriveruni iframe and modal",
              "timedOut": null,
              "duration": 2300,
              "state": "passed",
              "speed": "fast",
              "pass": true,
              "fail": false,
              "pending": false,
              "context": null,
              "code": "// cy.visit('http://www.webdriveruniversity.com/Contact-Us/contactus.html')\ncy.visit('/');\ncy.get('#iframe').invoke('removeAttr', 'target').click({\n  force: true\n});\ncy.url().should('include', 'IFrame');\ncy.get('#frame').then($iframe => {\n  const body = $iframe.contents().find('body');\n  cy.wrap(body).as('iframe');\n});\ncy.get('@iframe').find('#button-find-out-more').click();\ncy.get('@iframe').find('#myModal').as('modal');\ncy.get('@modal').should($expectedText => {\n  const text = $expectedText.text();\n  expect(text).to.include('Welcome to webdriveruniversity.com we sell a wide range of electrical goods');\n});\ncy.get('@modal').contains('Close').click();",
              "err": {},
              "uuid": "ac4433b2-7ed1-4e3d-882d-4cb17300bc57",
              "parentUUID": "dab1358c-b1a5-471e-9298-5d52cc7df7f9",
              "isHook": false,
              "skipped": false
            }
          ],
          "suites": [],
          "passes": [
            "ac4433b2-7ed1-4e3d-882d-4cb17300bc57"
          ],
          "failures": [],
          "pending": [],
          "skipped": [],
          "duration": 2300,
          "root": false,
          "rootEmpty": false,
          "_timeout": 2000
        }
      ],
      "passes": [],
      "failures": [],
      "pending": [],
      "skipped": [],
      "duration": 0,
      "root": true,
      "rootEmpty": true,
      "_timeout": 2000
    },
    {
      "uuid": "a282dcef-5cb8-468b-b249-c2ea6c1d8542",
      "title": "",
      "fullFile": "cypress/e2e/webdriver-uni/js-alerts.js",
      "file": "cypress/e2e/webdriver-uni/js-alerts.js",
      "beforeHooks": [],
      "afterHooks": [],
      "tests": [],
      "suites": [
        {
          "uuid": "2f820d3a-a6d2-43d5-b1be-5d5ce725e17b",
          "title": "Handle js alerts",
          "fullFile": "",
          "file": "",
          "beforeHooks": [],
          "afterHooks": [],
          "tests": [
            {
              "title": "Validate js confirm alert works correctly when clicking cancen",
              "fullTitle": "Handle js alerts Validate js confirm alert works correctly when clicking cancen",
              "timedOut": null,
              "duration": 1628,
              "state": "passed",
              "speed": "fast",
              "pass": true,
              "fail": false,
              "pending": false,
              "context": null,
              "code": "// cy.visit('http://www.webdriveruniversity.com/Contact-Us/contactus.html')\ncy.visit('/');\ncy.get('#popup-alerts').invoke('removeAttr', 'target').click({\n  force: true\n});\ncy.get('#button4').click();\ncy.on('window:confirm', str => {\n  return false;\n});\ncy.get('#confirm-alert-text').contains('You pressed Cancel!');",
              "err": {},
              "uuid": "fdd2e2a1-7918-4eba-82bf-3f7a9139756f",
              "parentUUID": "2f820d3a-a6d2-43d5-b1be-5d5ce725e17b",
              "isHook": false,
              "skipped": false
            }
          ],
          "suites": [],
          "passes": [
            "fdd2e2a1-7918-4eba-82bf-3f7a9139756f"
          ],
          "failures": [],
          "pending": [],
          "skipped": [],
          "duration": 1628,
          "root": false,
          "rootEmpty": false,
          "_timeout": 2000
        }
      ],
      "passes": [],
      "failures": [],
      "pending": [],
      "skipped": [],
      "duration": 0,
      "root": true,
      "rootEmpty": true,
      "_timeout": 2000
    },
    {
      "uuid": "6a0f0ea7-875b-4455-8048-89a55ba3b230",
      "title": "",
      "fullFile": "cypress/e2e/webdriver-uni/mouse-actions.js",
      "file": "cypress/e2e/webdriver-uni/mouse-actions.js",
      "beforeHooks": [],
      "afterHooks": [],
      "tests": [],
      "suites": [
        {
          "uuid": "6278f41a-1957-43ae-a2a3-7f708939183b",
          "title": "Test mouse actions",
          "fullFile": "",
          "file": "",
          "beforeHooks": [],
          "afterHooks": [],
          "tests": [
            {
              "title": "Scroll element into view",
              "fullTitle": "Test mouse actions Scroll element into view",
              "timedOut": null,
              "duration": 1526,
              "state": "passed",
              "speed": "fast",
              "pass": true,
              "fail": false,
              "pending": false,
              "context": null,
              "code": "// cy.visit('http://www.webdriveruniversity.com/Contact-Us/contactus.html')\ncy.visit(\"/\");\ncy.get(\"#actions\").scrollIntoView().invoke(\"removeAttr\", \"target\").click({\n  force: true\n});",
              "err": {},
              "uuid": "98f21dc7-7d2f-47a2-ad82-5dcf2bd26c12",
              "parentUUID": "6278f41a-1957-43ae-a2a3-7f708939183b",
              "isHook": false,
              "skipped": false
            },
            {
              "title": "I should be able to drag and drop a draggable item",
              "fullTitle": "Test mouse actions I should be able to drag and drop a draggable item",
              "timedOut": null,
              "duration": 493,
              "state": "passed",
              "speed": "fast",
              "pass": true,
              "fail": false,
              "pending": false,
              "context": null,
              "code": "// cy.visit('http://www.webdriveruniversity.com/Contact-Us/contactus.html')\ncy.visit(\"/\");\ncy.get(\"#actions\").scrollIntoView().invoke(\"removeAttr\", \"target\").click({\n  force: true\n});\ncy.get('#draggable').trigger('mousedown', {\n  which: 1\n});\ncy.get('#droppable').trigger('mousemove').trigger('mouseup', {\n  force: true\n});",
              "err": {},
              "uuid": "1ad1f20a-d0a9-45ae-ae01-c1a6b883eaee",
              "parentUUID": "6278f41a-1957-43ae-a2a3-7f708939183b",
              "isHook": false,
              "skipped": false
            },
            {
              "title": "I should be able to perform a double mouse click",
              "fullTitle": "Test mouse actions I should be able to perform a double mouse click",
              "timedOut": null,
              "duration": 507,
              "state": "passed",
              "speed": "fast",
              "pass": true,
              "fail": false,
              "pending": false,
              "context": null,
              "code": "// cy.visit('http://www.webdriveruniversity.com/Contact-Us/contactus.html')\ncy.visit(\"http://www.webdriveruniversity.com\");\ncy.get(\"#actions\").scrollIntoView().invoke(\"removeAttr\", \"target\").click({\n  force: true\n});\ncy.get('#double-click').dblclick();",
              "err": {},
              "uuid": "d465cf52-65b1-469d-8e0a-c6064e737efa",
              "parentUUID": "6278f41a-1957-43ae-a2a3-7f708939183b",
              "isHook": false,
              "skipped": false
            },
            {
              "title": "I should be able to hold down the left mouse click button on a given element",
              "fullTitle": "Test mouse actions I should be able to hold down the left mouse click button on a given element",
              "timedOut": null,
              "duration": 440,
              "state": "passed",
              "speed": "fast",
              "pass": true,
              "fail": false,
              "pending": false,
              "context": null,
              "code": "// cy.visit('http://www.webdriveruniversity.com/Contact-Us/contactus.html')\ncy.visit(\"/\");\ncy.get(\"#actions\").scrollIntoView().invoke(\"removeAttr\", \"target\").click({\n  force: true\n});\ncy.get('#click-box').trigger('mousedown', {\n  which: 1\n}).then($element => {\n  expect($element).to.have.css('background-color', 'rgb(0, 255, 0)');\n});",
              "err": {},
              "uuid": "54441e93-f31d-4368-85a8-bf29f484ca27",
              "parentUUID": "6278f41a-1957-43ae-a2a3-7f708939183b",
              "isHook": false,
              "skipped": false
            }
          ],
          "suites": [],
          "passes": [
            "98f21dc7-7d2f-47a2-ad82-5dcf2bd26c12",
            "1ad1f20a-d0a9-45ae-ae01-c1a6b883eaee",
            "d465cf52-65b1-469d-8e0a-c6064e737efa",
            "54441e93-f31d-4368-85a8-bf29f484ca27"
          ],
          "failures": [],
          "pending": [],
          "skipped": [],
          "duration": 2966,
          "root": false,
          "rootEmpty": false,
          "_timeout": 2000
        }
      ],
      "passes": [],
      "failures": [],
      "pending": [],
      "skipped": [],
      "duration": 0,
      "root": true,
      "rootEmpty": true,
      "_timeout": 2000
    },
    {
      "uuid": "93d25160-a071-46df-9e51-f81587fe1933",
      "title": "",
      "fullFile": "cypress/e2e/webdriver-uni/radio-buttons.js",
      "file": "cypress/e2e/webdriver-uni/radio-buttons.js",
      "beforeHooks": [],
      "afterHooks": [],
      "tests": [],
      "suites": [
        {
          "uuid": "41bd5146-643b-425b-9ec9-d58395f33c13",
          "title": "Verify radio buttons via webdriveruni",
          "fullFile": "",
          "file": "",
          "beforeHooks": [],
          "afterHooks": [],
          "tests": [
            {
              "title": "Check the specific radio buttons",
              "fullTitle": "Verify radio buttons via webdriveruni Check the specific radio buttons",
              "timedOut": null,
              "duration": 1558,
              "state": "passed",
              "speed": "fast",
              "pass": true,
              "fail": false,
              "pending": false,
              "context": null,
              "code": "cy.get('#radio-buttons').find('[type=\"radio\"]').first().check();\ncy.get('#radio-buttons').find('[type=\"radio\"]').eq(1).check();",
              "err": {},
              "uuid": "9c4d9944-fcc0-4f22-8200-b812d4d7bec5",
              "parentUUID": "41bd5146-643b-425b-9ec9-d58395f33c13",
              "isHook": false,
              "skipped": false
            },
            {
              "title": "Validate the state of specific buttons",
              "fullTitle": "Verify radio buttons via webdriveruni Validate the state of specific buttons",
              "timedOut": null,
              "duration": 529,
              "state": "passed",
              "speed": "fast",
              "pass": true,
              "fail": false,
              "pending": false,
              "context": null,
              "code": "cy.get('[value=\"lettuce\"]').should('not.be.checked');\ncy.get('[value=\"lettuce\"]').check();\ncy.get('[value=\"pumpkin\"]').should('not.be.checked');\ncy.get('[value=\"cabbage\"]').should('be.disabled');",
              "err": {},
              "uuid": "a6f0630a-ae34-4af9-9a67-f0b9a044bc2b",
              "parentUUID": "41bd5146-643b-425b-9ec9-d58395f33c13",
              "isHook": false,
              "skipped": false
            }
          ],
          "suites": [],
          "passes": [
            "9c4d9944-fcc0-4f22-8200-b812d4d7bec5",
            "a6f0630a-ae34-4af9-9a67-f0b9a044bc2b"
          ],
          "failures": [],
          "pending": [],
          "skipped": [],
          "duration": 2087,
          "root": false,
          "rootEmpty": false,
          "_timeout": 2000
        }
      ],
      "passes": [],
      "failures": [],
      "pending": [],
      "skipped": [],
      "duration": 0,
      "root": true,
      "rootEmpty": true,
      "_timeout": 2000
    },
    {
      "uuid": "a9b71b46-c013-472b-9b13-18fb3e2897bd",
      "title": "",
      "fullFile": "cypress/e2e/webdriver-uni/select-dropdown-list.js",
      "file": "cypress/e2e/webdriver-uni/select-dropdown-list.js",
      "beforeHooks": [],
      "afterHooks": [],
      "tests": [],
      "suites": [
        {
          "uuid": "ebf8902a-b925-4874-9056-af9215b4c7cb",
          "title": "Interact with dropdown lists via webdriveruni",
          "fullFile": "",
          "file": "",
          "beforeHooks": [],
          "afterHooks": [],
          "tests": [
            {
              "title": "Select specific values via select dropdown list",
              "fullTitle": "Interact with dropdown lists via webdriveruni Select specific values via select dropdown list",
              "timedOut": null,
              "duration": 2410,
              "state": "passed",
              "speed": "fast",
              "pass": true,
              "fail": false,
              "pending": false,
              "context": null,
              "code": "// cy.visit('http://www.webdriveruniversity.com/Contact-Us/contactus.html')\ncy.visit(\"/\");\ncy.get(\"#dropdown-checkboxes-radiobuttons\").invoke(\"removeAttr\", \"target\").click({\n  force: true\n});\ncy.get(\"#dropdowm-menu-1\").select('c#');\ncy.get(\"#dropdowm-menu-2\").select('testng').should('have.value', 'testng');\ncy.get(\"#dropdowm-menu-3\").select('css').contains('CSS');\ncy.get(\"#dropdowm-menu-2\").as('menu-2');\ncy.get('@menu-2').select('maven').should('have.value', 'maven');\ncy.get('@menu-2').select('TestNG').contains('TestNG');",
              "err": {},
              "uuid": "28f6edbe-f12e-4272-9ec5-85fa98f6eded",
              "parentUUID": "ebf8902a-b925-4874-9056-af9215b4c7cb",
              "isHook": false,
              "skipped": false
            }
          ],
          "suites": [],
          "passes": [
            "28f6edbe-f12e-4272-9ec5-85fa98f6eded"
          ],
          "failures": [],
          "pending": [],
          "skipped": [],
          "duration": 2410,
          "root": false,
          "rootEmpty": false,
          "_timeout": 2000
        }
      ],
      "passes": [],
      "failures": [],
      "pending": [],
      "skipped": [],
      "duration": 0,
      "root": true,
      "rootEmpty": true,
      "_timeout": 2000
    },
    {
      "uuid": "452e377c-14ac-4dd6-bcc7-64da2969e492",
      "title": "",
      "fullFile": "cypress/e2e/webdriver-uni/traversing-elements.js",
      "file": "cypress/e2e/webdriver-uni/traversing-elements.js",
      "beforeHooks": [],
      "afterHooks": [],
      "tests": [],
      "suites": [
        {
          "uuid": "e79546e6-54aa-4a62-88de-35e82adcbe24",
          "title": "Traversing DOM elements in Cypress",
          "fullFile": "",
          "file": "",
          "beforeHooks": [],
          "afterHooks": [],
          "tests": [
            {
              "title": "children() to get the children of DOM elements",
              "fullTitle": "Traversing DOM elements in Cypress children() to get the children of DOM elements",
              "timedOut": null,
              "duration": 1537,
              "state": "passed",
              "speed": "fast",
              "pass": true,
              "fail": false,
              "pending": false,
              "context": null,
              "code": "cy.get('.traversal-breadcrumb').children('.active').should('contain', 'Contact Us');",
              "err": {},
              "uuid": "101b21ad-ed1b-47d4-996e-17607acac212",
              "parentUUID": "e79546e6-54aa-4a62-88de-35e82adcbe24",
              "isHook": false,
              "skipped": false
            },
            {
              "title": "closest() to get the children of DOM elements",
              "fullTitle": "Traversing DOM elements in Cypress closest() to get the children of DOM elements",
              "timedOut": null,
              "duration": 449,
              "state": "passed",
              "speed": "fast",
              "pass": true,
              "fail": false,
              "pending": false,
              "context": null,
              "code": "cy.get('.traversal-badge').closest('ul').should('have.class', 'list-group');",
              "err": {},
              "uuid": "28ac7412-7f0e-417a-9be4-dada37cbd684",
              "parentUUID": "e79546e6-54aa-4a62-88de-35e82adcbe24",
              "isHook": false,
              "skipped": false
            },
            {
              "title": "eq() to get the children of DOM elements",
              "fullTitle": "Traversing DOM elements in Cypress eq() to get the children of DOM elements",
              "timedOut": null,
              "duration": 472,
              "state": "passed",
              "speed": "fast",
              "pass": true,
              "fail": false,
              "pending": false,
              "context": null,
              "code": "cy.get('.traversal-drinks-list >*').eq(2).should('contain', 'Milk');",
              "err": {},
              "uuid": "00095bbf-b8b3-496c-ac23-e8cedf3dff96",
              "parentUUID": "e79546e6-54aa-4a62-88de-35e82adcbe24",
              "isHook": false,
              "skipped": false
            },
            {
              "title": "filter() to get the children of DOM elements",
              "fullTitle": "Traversing DOM elements in Cypress filter() to get the children of DOM elements",
              "timedOut": null,
              "duration": 426,
              "state": "passed",
              "speed": "fast",
              "pass": true,
              "fail": false,
              "pending": false,
              "context": null,
              "code": "cy.get('.btn-group-toggle>*').filter('.active').should('contain', 'Button-1');",
              "err": {},
              "uuid": "aed5a2d1-770e-4412-b3dc-b13a76c2e4e5",
              "parentUUID": "e79546e6-54aa-4a62-88de-35e82adcbe24",
              "isHook": false,
              "skipped": false
            },
            {
              "title": "find() to get the children of DOM elements",
              "fullTitle": "Traversing DOM elements in Cypress find() to get the children of DOM elements",
              "timedOut": null,
              "duration": 443,
              "state": "passed",
              "speed": "fast",
              "pass": true,
              "fail": false,
              "pending": false,
              "context": null,
              "code": "cy.get('.traversal-pagination').find('li').find('a').should('have.length', 7);",
              "err": {},
              "uuid": "5b54e9f5-a919-4636-8401-8845ced4b5a3",
              "parentUUID": "e79546e6-54aa-4a62-88de-35e82adcbe24",
              "isHook": false,
              "skipped": false
            },
            {
              "title": "first() to get the children of DOM elements",
              "fullTitle": "Traversing DOM elements in Cypress first() to get the children of DOM elements",
              "timedOut": null,
              "duration": 440,
              "state": "passed",
              "speed": "fast",
              "pass": true,
              "fail": false,
              "pending": false,
              "context": null,
              "code": "cy.get('.traversal-table > tbody > tr > td').first().should('contain', 'Andy');",
              "err": {},
              "uuid": "d68459d5-32c7-4ac3-a4e4-c21c1355aa28",
              "parentUUID": "e79546e6-54aa-4a62-88de-35e82adcbe24",
              "isHook": false,
              "skipped": false
            },
            {
              "title": "last() to get the children of DOM elements",
              "fullTitle": "Traversing DOM elements in Cypress last() to get the children of DOM elements",
              "timedOut": null,
              "duration": 433,
              "state": "passed",
              "speed": "fast",
              "pass": true,
              "fail": false,
              "pending": false,
              "context": null,
              "code": "cy.get('.traversal-table > tbody > tr > td').last().should('contain', 'Scott');",
              "err": {},
              "uuid": "609c72b3-8648-4b9a-bc70-36ee50c538a9",
              "parentUUID": "e79546e6-54aa-4a62-88de-35e82adcbe24",
              "isHook": false,
              "skipped": false
            },
            {
              "title": "nextAll() to get the children of DOM elements",
              "fullTitle": "Traversing DOM elements in Cypress nextAll() to get the children of DOM elements",
              "timedOut": null,
              "duration": 446,
              "state": "passed",
              "speed": "fast",
              "pass": true,
              "fail": false,
              "pending": false,
              "context": null,
              "code": "cy.get('.traversal-drinks-list').contains('Tea').nextAll().should('have.length', 3);",
              "err": {},
              "uuid": "b6f24683-0c4b-474a-bf41-ced90b0dd8da",
              "parentUUID": "e79546e6-54aa-4a62-88de-35e82adcbe24",
              "isHook": false,
              "skipped": false
            },
            {
              "title": "nextUntil() to get the children of DOM elements",
              "fullTitle": "Traversing DOM elements in Cypress nextUntil() to get the children of DOM elements",
              "timedOut": null,
              "duration": 436,
              "state": "passed",
              "speed": "fast",
              "pass": true,
              "fail": false,
              "pending": false,
              "context": null,
              "code": "cy.get('#coffee').nextUntil('#milk');",
              "err": {},
              "uuid": "ca8015ca-204c-4955-94a2-92013b449e10",
              "parentUUID": "e79546e6-54aa-4a62-88de-35e82adcbe24",
              "isHook": false,
              "skipped": false
            },
            {
              "title": "not() to get the children of DOM elements",
              "fullTitle": "Traversing DOM elements in Cypress not() to get the children of DOM elements",
              "timedOut": null,
              "duration": 435,
              "state": "passed",
              "speed": "fast",
              "pass": true,
              "fail": false,
              "pending": false,
              "context": null,
              "code": "cy.get('.traversal-button-states>button').not('.disabled').should('not.have.class', 'disabled');",
              "err": {},
              "uuid": "caf3c6c6-6070-4b35-a489-660b76f8fb7d",
              "parentUUID": "e79546e6-54aa-4a62-88de-35e82adcbe24",
              "isHook": false,
              "skipped": false
            },
            {
              "title": "parent() to get the children of DOM elements",
              "fullTitle": "Traversing DOM elements in Cypress parent() to get the children of DOM elements",
              "timedOut": null,
              "duration": 535,
              "state": "passed",
              "speed": "fast",
              "pass": true,
              "fail": false,
              "pending": false,
              "context": null,
              "code": "cy.get('.traversal-mark').parent().should('contain', 'Lorem ipsum dolor sit amet');",
              "err": {},
              "uuid": "3393e4e4-0bab-41da-a74a-f4d1427b52c0",
              "parentUUID": "e79546e6-54aa-4a62-88de-35e82adcbe24",
              "isHook": false,
              "skipped": false
            },
            {
              "title": "parents() to get the children of DOM elements",
              "fullTitle": "Traversing DOM elements in Cypress parents() to get the children of DOM elements",
              "timedOut": null,
              "duration": 448,
              "state": "passed",
              "speed": "fast",
              "pass": true,
              "fail": false,
              "pending": false,
              "context": null,
              "code": "cy.get('.traversal-cite').parents().should('match', 'blockquote');",
              "err": {},
              "uuid": "287e3a4e-3097-4053-b281-bb4ae0e5faeb",
              "parentUUID": "e79546e6-54aa-4a62-88de-35e82adcbe24",
              "isHook": false,
              "skipped": false
            },
            {
              "title": "siblings() to get the children of DOM elements",
              "fullTitle": "Traversing DOM elements in Cypress siblings() to get the children of DOM elements",
              "timedOut": null,
              "duration": 438,
              "state": "passed",
              "speed": "fast",
              "pass": true,
              "fail": false,
              "pending": false,
              "context": null,
              "code": "cy.get('.traversal-button-other-states .active').siblings().should('have.length', 3);",
              "err": {},
              "uuid": "5b875080-55e6-40b4-bd6b-1a1b465e12d9",
              "parentUUID": "e79546e6-54aa-4a62-88de-35e82adcbe24",
              "isHook": false,
              "skipped": false
            }
          ],
          "suites": [],
          "passes": [
            "101b21ad-ed1b-47d4-996e-17607acac212",
            "28ac7412-7f0e-417a-9be4-dada37cbd684",
            "00095bbf-b8b3-496c-ac23-e8cedf3dff96",
            "aed5a2d1-770e-4412-b3dc-b13a76c2e4e5",
            "5b54e9f5-a919-4636-8401-8845ced4b5a3",
            "d68459d5-32c7-4ac3-a4e4-c21c1355aa28",
            "609c72b3-8648-4b9a-bc70-36ee50c538a9",
            "b6f24683-0c4b-474a-bf41-ced90b0dd8da",
            "ca8015ca-204c-4955-94a2-92013b449e10",
            "caf3c6c6-6070-4b35-a489-660b76f8fb7d",
            "3393e4e4-0bab-41da-a74a-f4d1427b52c0",
            "287e3a4e-3097-4053-b281-bb4ae0e5faeb",
            "5b875080-55e6-40b4-bd6b-1a1b465e12d9"
          ],
          "failures": [],
          "pending": [],
          "skipped": [],
          "duration": 6938,
          "root": false,
          "rootEmpty": false,
          "_timeout": 2000
        }
      ],
      "passes": [],
      "failures": [],
      "pending": [],
      "skipped": [],
      "duration": 0,
      "root": true,
      "rootEmpty": true,
      "_timeout": 2000
    },
    {
      "uuid": "cc38b6ec-79ed-4226-991a-6442a313c24a",
      "title": "",
      "fullFile": "cypress/e2e/automation-text-store/add-multiple-items-to-basket.js",
      "file": "cypress/e2e/automation-text-store/add-multiple-items-to-basket.js",
      "beforeHooks": [],
      "afterHooks": [],
      "tests": [],
      "suites": [
        {
          "uuid": "0b0b7d9d-a6c7-4e8d-a898-16b439945427",
          "title": "Add multiple items to the basket",
          "fullFile": "",
          "file": "",
          "beforeHooks": [],
          "afterHooks": [],
          "tests": [
            {
              "title": "Add specific items to the basket",
              "fullTitle": "Add multiple items to the basket Add specific items to the basket",
              "timedOut": null,
              "duration": 7016,
              "state": "passed",
              "speed": "medium",
              "pass": true,
              "fail": false,
              "pending": false,
              "context": null,
              "code": "autoStore_HairCare_PO.addHairCareProductsToBasket();",
              "err": {},
              "uuid": "6fc45d3a-5e55-4ae4-863e-f153c014dcc1",
              "parentUUID": "0b0b7d9d-a6c7-4e8d-a898-16b439945427",
              "isHook": false,
              "skipped": false
            }
          ],
          "suites": [],
          "passes": [
            "6fc45d3a-5e55-4ae4-863e-f153c014dcc1"
          ],
          "failures": [],
          "pending": [],
          "skipped": [],
          "duration": 7016,
          "root": false,
          "rootEmpty": false,
          "_timeout": 2000
        }
      ],
      "passes": [],
      "failures": [],
      "pending": [],
      "skipped": [],
      "duration": 0,
      "root": true,
      "rootEmpty": true,
      "_timeout": 2000
    },
    {
      "uuid": "cb0c2683-b161-4501-bcc4-d22704720e32",
      "title": "",
      "fullFile": "cypress/e2e/automation-text-store/alias-invoke.js",
      "file": "cypress/e2e/automation-text-store/alias-invoke.js",
      "beforeHooks": [],
      "afterHooks": [],
      "tests": [],
      "suites": [
        {
          "uuid": "76446dcc-dd28-4b39-9ac1-2cb87d580478",
          "title": "Alias and invoke",
          "fullFile": "",
          "file": "",
          "beforeHooks": [],
          "afterHooks": [],
          "tests": [
            {
              "title": "Calculate total of normal and sale products",
              "fullTitle": "Alias and invoke Calculate total of normal and sale products",
              "timedOut": null,
              "duration": 4012,
              "state": "passed",
              "speed": "fast",
              "pass": true,
              "fail": false,
              "pending": false,
              "context": null,
              "code": "cy.visit(\"https://www.automationteststore.com/\");\ncy.get('.thumbnail').as('productThumbnail');\n// cy.get('@productThumbnail').find('.oneprice').each(($el, index, $list)=>{\n//     cy.log($el.text())\n// })\ncy.get('.thumbnail').find('.oneprice').invoke('text').as('itemPrice');\ncy.get('.thumbnail').find('.pricenew').invoke('text').as('saleItemPrice');\nvar itemsTotal = 0;\ncy.get('@itemPrice').then($linkText => {\n  var itemsPriceTotal = 0;\n  var itemPrice = $linkText.split('$');\n  for (var i = 0; i < itemPrice.length; i++) {\n    cy.log(itemPrice[i]);\n    itemsPriceTotal += Number(itemPrice[i]);\n  }\n  itemsTotal += itemsPriceTotal;\n  cy.log(\"Non sale price items total: \" + itemsPriceTotal);\n});\ncy.get('@saleItemPrice').then($linkText => {\n  var saleItemsPriceTotal = 0;\n  var saleItemPrice = $linkText.split('$');\n  for (var i = 0; i < saleItemPrice.length; i++) {\n    cy.log(saleItemPrice[i]);\n    saleItemsPriceTotal += Number(saleItemPrice[i]);\n  }\n  cy.log(\"Sale price item total: \" + saleItemsPriceTotal);\n}).then(() => {\n  cy.log(\"The total price of all products: \" + itemsTotal);\n  expect(itemsTotal).to.equal(257.5);\n});",
              "err": {},
              "uuid": "36addce3-4596-49f8-839d-017498802038",
              "parentUUID": "76446dcc-dd28-4b39-9ac1-2cb87d580478",
              "isHook": false,
              "skipped": false
            }
          ],
          "suites": [],
          "passes": [
            "36addce3-4596-49f8-839d-017498802038"
          ],
          "failures": [],
          "pending": [],
          "skipped": [],
          "duration": 4012,
          "root": false,
          "rootEmpty": false,
          "_timeout": 2000
        }
      ],
      "passes": [],
      "failures": [],
      "pending": [],
      "skipped": [],
      "duration": 0,
      "root": true,
      "rootEmpty": true,
      "_timeout": 2000
    },
    {
      "uuid": "5390ee5f-20b5-4f18-a27a-6f1d0636847b",
      "title": "",
      "fullFile": "cypress/e2e/automation-text-store/contact-us.js",
      "file": "cypress/e2e/automation-text-store/contact-us.js",
      "beforeHooks": [],
      "afterHooks": [],
      "tests": [],
      "suites": [
        {
          "uuid": "1bd2533b-b14a-49b5-bf49-d5ff188a66cd",
          "title": "Test Contact Us form via Automation Test Store",
          "fullFile": "",
          "file": "",
          "beforeHooks": [],
          "afterHooks": [],
          "tests": [
            {
              "title": "Should be able to submit a successful submission via contact us form",
              "fullTitle": "Test Contact Us form via Automation Test Store Should be able to submit a successful submission via contact us form",
              "timedOut": null,
              "duration": 8901,
              "state": "passed",
              "speed": "medium",
              "pass": true,
              "fail": false,
              "pending": false,
              "context": null,
              "code": "cy.visit('https://www.automationteststore.com/');\ncy.get('.info_links_footer > :nth-child(5) > a').click().then(function (contactText) {\n  cy.log(\"The text is: \" + contactText.text());\n});\ncy.get('@user').then(user => {\n  cy.get('#ContactUsFrm_first_name').type(user.first_name);\n  cy.get('#ContactUsFrm_email').type(user.email);\n});\ncy.get('#ContactUsFrm_email').should('have.attr', 'name', 'email');\ncy.get('#ContactUsFrm_enquiry').type('Do you provide additional discount?');\ncy.get('button[title=\"Submit\"]').click();\ncy.get('.mb40 > :nth-child(3)').should('have.text', 'Your enquiry has been successfully sent to the store owner!');\ncy.log(\"Test is completed!\");",
              "err": {},
              "uuid": "6855f5d8-45fe-4bf0-b30d-36b29cacd671",
              "parentUUID": "1bd2533b-b14a-49b5-bf49-d5ff188a66cd",
              "isHook": false,
              "skipped": false
            }
          ],
          "suites": [],
          "passes": [
            "6855f5d8-45fe-4bf0-b30d-36b29cacd671"
          ],
          "failures": [],
          "pending": [],
          "skipped": [],
          "duration": 8901,
          "root": false,
          "rootEmpty": false,
          "_timeout": 2000
        }
      ],
      "passes": [],
      "failures": [],
      "pending": [],
      "skipped": [],
      "duration": 0,
      "root": true,
      "rootEmpty": true,
      "_timeout": 2000
    },
    {
      "uuid": "5d0fbcd5-43f0-4fcf-a5b0-323c25fafd72",
      "title": "",
      "fullFile": "cypress/e2e/automation-text-store/inspect-item.js",
      "file": "cypress/e2e/automation-text-store/inspect-item.js",
      "beforeHooks": [],
      "afterHooks": [],
      "tests": [],
      "suites": [
        {
          "uuid": "7923906d-21b6-44fb-b382-d13f4bd8f4c5",
          "title": "Inspect Automation Test Store items using chain of commands",
          "fullFile": "",
          "file": "",
          "beforeHooks": [],
          "afterHooks": [],
          "tests": [
            {
              "title": "Click on the first item using item text",
              "fullTitle": "Inspect Automation Test Store items using chain of commands Click on the first item using item text",
              "timedOut": null,
              "duration": 6553,
              "state": "passed",
              "speed": "medium",
              "pass": true,
              "fail": false,
              "pending": false,
              "context": null,
              "code": "cy.visit('https://www.automationteststore.com/');\n//cy.get('.prdocutname').contains('Skinsheen Bronzer Stick').click()\ncy.get('.prdocutname').contains('Skinsheen Bronzer Stick').click().then(function (itemHeaderText) {\n  console.log(\"Selected the following item: \" + itemHeaderText.text());\n});",
              "err": {},
              "uuid": "1a4bd214-d49e-48d1-8027-aa934370e4aa",
              "parentUUID": "7923906d-21b6-44fb-b382-d13f4bd8f4c5",
              "isHook": false,
              "skipped": false
            }
          ],
          "suites": [],
          "passes": [
            "1a4bd214-d49e-48d1-8027-aa934370e4aa"
          ],
          "failures": [],
          "pending": [],
          "skipped": [],
          "duration": 6553,
          "root": false,
          "rootEmpty": false,
          "_timeout": 2000
        }
      ],
      "passes": [],
      "failures": [],
      "pending": [],
      "skipped": [],
      "duration": 0,
      "root": true,
      "rootEmpty": true,
      "_timeout": 2000
    },
    {
      "uuid": "c8a94aea-604b-4f81-bba7-a83f26aea7e1",
      "title": "",
      "fullFile": "cypress/e2e/automation-text-store/iterate-over-elements.js",
      "file": "cypress/e2e/automation-text-store/iterate-over-elements.js",
      "beforeHooks": [],
      "afterHooks": [],
      "tests": [],
      "suites": [
        {
          "uuid": "aaa6903e-5675-425c-bea8-7dcf09289c8a",
          "title": "Iterate over elements",
          "fullFile": "",
          "file": "",
          "beforeHooks": [],
          "afterHooks": [],
          "tests": [
            {
              "title": "Log information of all hair care products",
              "fullTitle": "Iterate over elements Log information of all hair care products",
              "timedOut": null,
              "duration": 7128,
              "state": "passed",
              "speed": "medium",
              "pass": true,
              "fail": false,
              "pending": false,
              "context": null,
              "code": "// cy.get('.fixed_wrapper .prdocutname').each(($el, index, $list) => {\n//     cy.log(\"Index: \" + index + \" : \" + $el.text())\n// })\ncy.selectProduct('Eau Parfumee au The Vert Shampoo');",
              "err": {},
              "uuid": "2c0ffd71-05cf-40c4-9b99-e809cf7e3a24",
              "parentUUID": "aaa6903e-5675-425c-bea8-7dcf09289c8a",
              "isHook": false,
              "skipped": false
            },
            {
              "title": "Add specific product to basket",
              "fullTitle": "Iterate over elements Add specific product to basket",
              "timedOut": null,
              "duration": 7228,
              "state": "passed",
              "speed": "medium",
              "pass": true,
              "fail": false,
              "pending": false,
              "context": null,
              "code": "cy.selectProduct('Curls to straight Shampoo');",
              "err": {},
              "uuid": "6e603667-7fe8-4758-b9d6-103ce81aeda2",
              "parentUUID": "aaa6903e-5675-425c-bea8-7dcf09289c8a",
              "isHook": false,
              "skipped": false
            },
            {
              "title": "Add another product to basket",
              "fullTitle": "Iterate over elements Add another product to basket",
              "timedOut": null,
              "duration": 7046,
              "state": "passed",
              "speed": "medium",
              "pass": true,
              "fail": false,
              "pending": false,
              "context": null,
              "code": "cy.selectProduct('Seaweed Conditioner');",
              "err": {},
              "uuid": "d4748447-82b2-4ccc-8144-b4b2d493c5bd",
              "parentUUID": "aaa6903e-5675-425c-bea8-7dcf09289c8a",
              "isHook": false,
              "skipped": false
            }
          ],
          "suites": [],
          "passes": [
            "2c0ffd71-05cf-40c4-9b99-e809cf7e3a24",
            "6e603667-7fe8-4758-b9d6-103ce81aeda2",
            "d4748447-82b2-4ccc-8144-b4b2d493c5bd"
          ],
          "failures": [],
          "pending": [],
          "skipped": [],
          "duration": 21402,
          "root": false,
          "rootEmpty": false,
          "_timeout": 2000
        }
      ],
      "passes": [],
      "failures": [],
      "pending": [],
      "skipped": [],
      "duration": 0,
      "root": true,
      "rootEmpty": true,
      "_timeout": 2000
    },
    {
      "uuid": "f35644dd-2324-41b2-8899-d0d60a20b1b9",
      "title": "",
      "fullFile": "cypress/e2e/automation-text-store/variables-and-cy-commands.js",
      "file": "cypress/e2e/automation-text-store/variables-and-cy-commands.js",
      "beforeHooks": [],
      "afterHooks": [],
      "tests": [],
      "suites": [
        {
          "uuid": "f3c646af-2033-48da-a8ec-acef3b8e8d9e",
          "title": "Verifying variables, cypress commands and jquery commands",
          "fullFile": "",
          "file": "",
          "beforeHooks": [],
          "afterHooks": [],
          "tests": [
            {
              "title": "Validate properties of the Contact Us Page",
              "fullTitle": "Verifying variables, cypress commands and jquery commands Validate properties of the Contact Us Page",
              "timedOut": null,
              "duration": 2927,
              "state": "passed",
              "speed": "fast",
              "pass": true,
              "fail": false,
              "pending": false,
              "context": null,
              "code": "cy.visit('https://automationteststore.com/index.php?rt=content/contact');\n//Uses cypress commands and chaining\ncy.contains('#ContactUsFrm', 'Contact Us Form').find('#field_11').should('contain', 'First name');\ncy.contains('#ContactUsFrm', 'Contact Us Form').find('#field_12').should('contain', 'Email');\n// JQuery Approach\ncy.contains('#ContactUsFrm', 'Contact Us Form').then(text => {\n  const firstNameText = text.find('#field_11').text();\n  expect(firstNameText).to.contain('First name');\n  const emailText = text.find('#field_12').text();\n  expect(emailText).to.contain('Email');\n  //embedded commands(Closure)\n  cy.get('#field_11').then(fnText => {\n    cy.log(fnText.text());\n    cy.log(fnText);\n  });\n});\n//",
              "err": {},
              "uuid": "a1134f1f-5e14-4ff2-87d5-e4914efb0cc6",
              "parentUUID": "f3c646af-2033-48da-a8ec-acef3b8e8d9e",
              "isHook": false,
              "skipped": false
            }
          ],
          "suites": [],
          "passes": [
            "a1134f1f-5e14-4ff2-87d5-e4914efb0cc6"
          ],
          "failures": [],
          "pending": [],
          "skipped": [],
          "duration": 2927,
          "root": false,
          "rootEmpty": false,
          "_timeout": 2000
        }
      ],
      "passes": [],
      "failures": [],
      "pending": [],
      "skipped": [],
      "duration": 0,
      "root": true,
      "rootEmpty": true,
      "_timeout": 2000
    },
    {
      "uuid": "7e20c9e8-cd78-4349-b605-2a43b0dea0cc",
      "title": "",
      "fullFile": "cypress/e2e/automation-text-store/add-multiple-items-to-basket.js",
      "file": "cypress/e2e/automation-text-store/add-multiple-items-to-basket.js",
      "beforeHooks": [],
      "afterHooks": [],
      "tests": [],
      "suites": [
        {
          "uuid": "eb2af779-146a-4a71-8e76-851e1e517bd3",
          "title": "Add multiple items to the basket",
          "fullFile": "",
          "file": "",
          "beforeHooks": [],
          "afterHooks": [],
          "tests": [
            {
              "title": "Add specific items to the basket",
[...]
              "timedOut": null,
              "duration": 8032,
              "state": "passed",
              "speed": "medium",
              "pass": true,
              "fail": false,
              "pending": false,
              "context": null,
              "code": "cy.visit('https://www.automationteststore.com/');\ncy.get('.info_links_footer > :nth-child(5) > a').click().then(function (contactText) {\n  cy.log(\"The text is: \" + contactText.text());\n});\ncy.get('@user').then(user => {\n  cy.get('#ContactUsFrm_first_name').type(user.first_name);\n  cy.get('#ContactUsFrm_email').type(user.email);\n});\ncy.get('#ContactUsFrm_email').should('have.attr', 'name', 'email');\ncy.get('#ContactUsFrm_enquiry').type('Do you provide additional discount?');\ncy.get('button[title=\"Submit\"]').click();\ncy.get('.mb40 > :nth-child(3)').should('have.text', 'Your enquiry has been successfully sent to the store owner!');\ncy.log(\"Test is completed!\");",
              "err": {},
              "uuid": "ce3b8944-ced7-4d6f-bb5c-4baf50e05dc4",
              "parentUUID": "cd47204c-f002-4b41-97fa-f667064b7a09",
              "isHook": false,
              "skipped": false
            }
          ],
          "suites": [],
          "passes": [
            "ce3b8944-ced7-4d6f-bb5c-4baf50e05dc4"
          ],
          "failures": [],
          "pending": [],
          "skipped": [],
          "duration": 8032,
          "root": false,
          "rootEmpty": false,
          "_timeout": 2000
        }
      ],
      "passes": [],
      "failures": [],
      "pending": [],
      "skipped": [],
      "duration": 0,
      "root": true,
      "rootEmpty": true,
      "_timeout": 2000
    },
    {
      "uuid": "21321b63-f3ed-4a61-8667-fed914d72505",
      "title": "",
      "fullFile": "cypress/e2e/automation-text-store/inspect-item.js",
      "file": "cypress/e2e/automation-text-store/inspect-item.js",
      "beforeHooks": [],
      "afterHooks": [],
      "tests": [],
      "suites": [
        {
          "uuid": "97a8c498-ae8f-423a-9e93-0740c2be7bff",
          "title": "Inspect Automation Test Store items using chain of commands",
          "fullFile": "",
          "file": "",
          "beforeHooks": [],
          "afterHooks": [],
          "tests": [
            {
              "title": "Click on the first item using item text",
              "fullTitle": "Inspect Automation Test Store items using chain of commands Click on the first item using item text",
              "timedOut": null,
              "duration": 6285,
              "state": "passed",
              "speed": "medium",
              "pass": true,
              "fail": false,
              "pending": false,
              "context": null,
              "code": "cy.visit('https://www.automationteststore.com/');\n//cy.get('.prdocutname').contains('Skinsheen Bronzer Stick').click()\ncy.get('.prdocutname').contains('Skinsheen Bronzer Stick').click().then(function (itemHeaderText) {\n  console.log(\"Selected the following item: \" + itemHeaderText.text());\n});",
              "err": {},
              "uuid": "54c040e4-fe22-4c00-b99a-a925d0234d1a",
              "parentUUID": "97a8c498-ae8f-423a-9e93-0740c2be7bff",
              "isHook": false,
              "skipped": false
            }
          ],
          "suites": [],
          "passes": [
            "54c040e4-fe22-4c00-b99a-a925d0234d1a"
          ],
          "failures": [],
          "pending": [],
          "skipped": [],
          "duration": 6285,
          "root": false,
          "rootEmpty": false,
          "_timeout": 2000
        }
      ],
      "passes": [],
      "failures": [],
      "pending": [],
      "skipped": [],
      "duration": 0,
      "root": true,
      "rootEmpty": true,
      "_timeout": 2000
    },
    {
      "uuid": "b63c5b1d-7839-4da0-9c12-39f5f5a382ac",
      "title": "",
      "fullFile": "cypress/e2e/automation-text-store/inspect-item.js",
      "file": "cypress/e2e/automation-text-store/inspect-item.js",
      "beforeHooks": [],
      "afterHooks": [],
      "tests": [],
      "suites": [
        {
          "uuid": "2de654d0-7a51-49c8-8929-82f05b5cda06",
          "title": "Inspect Automation Test Store items using chain of commands",
          "fullFile": "",
          "file": "",
          "beforeHooks": [],
          "afterHooks": [],
          "tests": [
            {
              "title": "Click on the first item using item text",
              "fullTitle": "Inspect Automation Test Store items using chain of commands Click on the first item using item text",
              "timedOut": null,
              "duration": 6351,
              "state": "passed",
              "speed": "medium",
              "pass": true,
              "fail": false,
              "pending": false,
              "context": null,
              "code": "cy.visit('https://www.automationteststore.com/');\n//cy.get('.prdocutname').contains('Skinsheen Bronzer Stick').click()\ncy.get('.prdocutname').contains('Skinsheen Bronzer Stick').click().then(function (itemHeaderText) {\n  console.log(\"Selected the following item: \" + itemHeaderText.text());\n});",
              "err": {},
              "uuid": "d3d81e9a-6305-4ff4-80b6-e68fd6bc089b",
              "parentUUID": "2de654d0-7a51-49c8-8929-82f05b5cda06",
              "isHook": false,
              "skipped": false
            }
          ],
          "suites": [],
          "passes": [
            "d3d81e9a-6305-4ff4-80b6-e68fd6bc089b"
          ],
          "failures": [],
          "pending": [],
          "skipped": [],
          "duration": 6351,
          "root": false,
          "rootEmpty": false,
          "_timeout": 2000
        }
      ],
      "passes": [],
      "failures": [],
      "pending": [],
      "skipped": [],
      "duration": 0,
      "root": true,
      "rootEmpty": true,
      "_timeout": 2000
    },
    {
      "uuid": "0a71155e-c300-4f44-92fe-b31885e5079a",
      "title": "",
      "fullFile": "cypress/e2e/automation-text-store/iterate-over-elements.js",
      "file": "cypress/e2e/automation-text-store/iterate-over-elements.js",
      "beforeHooks": [],
      "afterHooks": [],
      "tests": [],
      "suites": [
        {
          "uuid": "e088edd2-9eb7-4b17-b417-9020f7eaef52",
          "title": "Iterate over elements",
          "fullFile": "",
          "file": "",
          "beforeHooks": [],
          "afterHooks": [],
          "tests": [
            {
              "title": "Log information of all hair care products",
              "fullTitle": "Iterate over elements Log information of all hair care products",
              "timedOut": null,
              "duration": 1439,
              "state": "failed",
              "speed": null,
              "pass": false,
              "fail": true,
              "pending": false,
              "context": null,
              "code": "// cy.get('.fixed_wrapper .prdocutname').each(($el, index, $list) => {\n//     cy.log(\"Index: \" + index + \" : \" + $el.text())\n// })\ncy.selectProduct('Eau Parfumee au The Vert Shampoo');",
              "err": {
                "message": "ReferenceError: The following error originated from your application code, not from Cypress.\n\n  > jQuery is not defined\n\nWhen Cypress detects uncaught errors originating from your application it will automatically fail the current test.\n\nThis behavior is configurable, and you can choose to turn this off by listening to the `uncaught:exception` event.\n\nhttps://on.cypress.io/uncaught-exception-from-application\n\nBecause this error occurred during a `before each` hook we are skipping the remaining tests in the current suite: `Iterate over elements`",
                "estack": "ReferenceError: The following error originated from your application code, not from Cypress.\n\n  > jQuery is not defined\n\nWhen Cypress detects uncaught errors originating from your application it will automatically fail the current test.\n\nThis behavior is configurable, and you can choose to turn this off by listening to the `uncaught:exception` event.\n\nhttps://on.cypress.io/uncaught-exception-from-application\n\nBecause this error occurred during a `before each` hook we are skipping the remaining tests in the current suite: `Iterate over elements`\n    at <unknown> (https://automationteststore.com/storefront/view/default/javascript/jquery-migrate-1.2.1.min.js:2:1)",
                "diff": null
              },
              "uuid": "7cfa51e6-12aa-4109-94c8-e70c841bc006",
              "parentUUID": "e088edd2-9eb7-4b17-b417-9020f7eaef52",
              "isHook": false,
              "skipped": false
            },
            {
              "title": "Add specific product to basket",
              "fullTitle": "Iterate over elements Add specific product to basket",
              "timedOut": null,
              "duration": 0,
              "state": "skipped",
              "speed": null,
              "pass": false,
              "fail": false,
              "pending": false,
              "context": null,
              "code": "cy.selectProduct('Curls to straight Shampoo');",
              "err": {},
              "uuid": "0fdae51a-939a-492f-90bb-4c7fbf64db3a",
              "parentUUID": "e088edd2-9eb7-4b17-b417-9020f7eaef52",
              "isHook": false,
              "skipped": true
            },
            {
              "title": "Add another product to basket",
              "fullTitle": "Iterate over elements Add another product to basket",
              "timedOut": null,
              "duration": 0,
              "state": "skipped",
              "speed": null,
              "pass": false,
              "fail": false,
              "pending": false,
              "context": null,
              "code": "cy.selectProduct('Seaweed Conditioner');",
              "err": {},
              "uuid": "0850dc73-a35b-488b-9fd1-2b19aae0afcf",
              "parentUUID": "e088edd2-9eb7-4b17-b417-9020f7eaef52",
              "isHook": false,
              "skipped": true
            }
          ],
          "suites": [],
          "passes": [],
          "failures": [
            "7cfa51e6-12aa-4109-94c8-e70c841bc006"
          ],
          "pending": [],
          "skipped": [
            "0fdae51a-939a-492f-90bb-4c7fbf64db3a",
            "0850dc73-a35b-488b-9fd1-2b19aae0afcf"
          ],
          "duration": 1439,
          "root": false,
          "rootEmpty": false,
          "_timeout": 2000
        }
      ],
      "passes": [],
      "failures": [],
      "pending": [],
      "skipped": [],
      "duration": 0,
      "root": true,
      "rootEmpty": true,
      "_timeout": 2000
    },
    {
      "uuid": "f4b1aa41-ec97-4fce-a844-f14a016b586d",
      "title": "",
      "fullFile": "cypress/e2e/automation-text-store/variables-and-cy-commands.js",
      "file": "cypress/e2e/automation-text-store/variables-and-cy-commands.js",
      "beforeHooks": [],
      "afterHooks": [],
      "tests": [],
      "suites": [
        {
          "uuid": "a95b12cf-fb4d-4e8a-92e4-e74bb1c90bed",
          "title": "Verifying variables, cypress commands and jquery commands",
          "fullFile": "",
          "file": "",
          "beforeHooks": [],
          "afterHooks": [],
          "tests": [
            {
              "title": "Validate properties of the Contact Us Page",
              "fullTitle": "Verifying variables, cypress commands and jquery commands Validate properties of the Contact Us Page",
              "timedOut": null,
              "duration": 2632,
              "state": "passed",
              "speed": "fast",
              "pass": true,
              "fail": false,
              "pending": false,
              "context": null,
              "code": "cy.visit('https://automationteststore.com/index.php?rt=content/contact');\n//Uses cypress commands and chaining\ncy.contains('#ContactUsFrm', 'Contact Us Form').find('#field_11').should('contain', 'First name');\ncy.contains('#ContactUsFrm', 'Contact Us Form').find('#field_12').should('contain', 'Email');\n// JQuery Approach\ncy.contains('#ContactUsFrm', 'Contact Us Form').then(text => {\n  const firstNameText = text.find('#field_11').text();\n  expect(firstNameText).to.contain('First name');\n  const emailText = text.find('#field_12').text();\n  expect(emailText).to.contain('Email');\n  //embedded commands(Closure)\n  cy.get('#field_11').then(fnText => {\n    cy.log(fnText.text());\n    cy.log(fnText);\n  });\n});\n//",
              "err": {},
              "uuid": "d092186b-37c7-435d-90a9-315a4588730a",
              "parentUUID": "a95b12cf-fb4d-4e8a-92e4-e74bb1c90bed",
              "isHook": false,
              "skipped": false
            }
          ],
          "suites": [],
          "passes": [
            "d092186b-37c7-435d-90a9-315a4588730a"
          ],
          "failures": [],
          "pending": [],
          "skipped": [],
          "duration": 2632,
          "root": false,
          "rootEmpty": false,
          "_timeout": 2000
        }
      ],
      "passes": [],
      "failures": [],
      "pending": [],
      "skipped": [],
      "duration": 0,
      "root": true,
      "rootEmpty": true,
      "_timeout": 2000
    },
    {
      "uuid": "90646870-b9d2-4079-b421-510faf40c535",
      "title": "",
      "fullFile": "cypress/e2e/automation-text-store/iterate-over-elements.js",
      "file": "cypress/e2e/automation-text-store/iterate-over-elements.js",
      "beforeHooks": [],
      "afterHooks": [],
      "tests": [],
      "suites": [
        {
          "uuid": "b07f03eb-f003-4f45-9a51-478a829f0926",
          "title": "Iterate over elements",
          "fullFile": "",
          "file": "",
          "beforeHooks": [],
          "afterHooks": [],
          "tests": [
            {
              "title": "Log information of all hair care products",
              "fullTitle": "Iterate over elements Log information of all hair care products",
              "timedOut": null,
              "duration": 8922,
              "state": "passed",
              "speed": "medium",
              "pass": true,
              "fail": false,
              "pending": false,
              "context": null,
              "code": "// cy.get('.fixed_wrapper .prdocutname').each(($el, index, $list) => {\n//     cy.log(\"Index: \" + index + \" : \" + $el.text())\n// })\ncy.selectProduct('Eau Parfumee au The Vert Shampoo');",
              "err": {},
              "uuid": "30947138-14af-42f8-8297-0ad656506357",
              "parentUUID": "b07f03eb-f003-4f45-9a51-478a829f0926",
              "isHook": false,
              "skipped": false
            },
            {
              "title": "Add specific product to basket",
              "fullTitle": "Iterate over elements Add specific product to basket",
              "timedOut": null,
              "duration": 7599,
              "state": "passed",
              "speed": "medium",
              "pass": true,
              "fail": false,
              "pending": false,
              "context": null,
              "code": "cy.selectProduct('Curls to straight Shampoo');",
              "err": {},
              "uuid": "b1cd96ea-bc34-44fa-81c8-d7a65783ca58",
              "parentUUID": "b07f03eb-f003-4f45-9a51-478a829f0926",
              "isHook": false,
              "skipped": false
            },
            {
              "title": "Add another product to basket",
              "fullTitle": "Iterate over elements Add another product to basket",
              "timedOut": null,
              "duration": 8306,
              "state": "passed",
              "speed": "medium",
              "pass": true,
              "fail": false,
              "pending": false,
              "context": null,
              "code": "cy.selectProduct('Seaweed Conditioner');",
              "err": {},
              "uuid": "c3e2b702-819a-4e65-9400-5cc7ba2f064d",
              "parentUUID": "b07f03eb-f003-4f45-9a51-478a829f0926",
              "isHook": false,
              "skipped": false
            }
          ],
          "suites": [],
          "passes": [
            "30947138-14af-42f8-8297-0ad656506357",
            "b1cd96ea-bc34-44fa-81c8-d7a65783ca58",
            "c3e2b702-819a-4e65-9400-5cc7ba2f064d"
          ],
          "failures": [],
          "pending": [],
          "skipped": [],
          "duration": 24827,
          "root": false,
          "rootEmpty": false,
          "_timeout": 2000
        }
      ],
      "passes": [],
      "failures": [],
      "pending": [],
      "skipped": [],
      "duration": 0,
      "root": true,
      "rootEmpty": true,
      "_timeout": 2000
    },
    {
      "uuid": "34bcd42b-72f0-4368-8bd3-1c928d6d1d54",
      "title": "",
      "fullFile": "cypress/e2e/automation-text-store/variables-and-cy-commands.js",
      "file": "cypress/e2e/automation-text-store/variables-and-cy-commands.js",
      "beforeHooks": [],
      "afterHooks": [],
      "tests": [],
      "suites": [
        {
          "uuid": "9dee0435-e7bd-4441-aa8d-d4068a2b9ec3",
          "title": "Verifying variables, cypress commands and jquery commands",
          "fullFile": "",
          "file": "",
          "beforeHooks": [],
          "afterHooks": [],
          "tests": [
            {
              "title": "Validate properties of the Contact Us Page",
              "fullTitle": "Verifying variables, cypress commands and jquery commands Validate properties of the Contact Us Page",
              "timedOut": null,
              "duration": 2844,
              "state": "passed",
              "speed": "fast",
              "pass": true,
              "fail": false,
              "pending": false,
              "context": null,
              "code": "cy.visit('https://automationteststore.com/index.php?rt=content/contact');\n//Uses cypress commands and chaining\ncy.contains('#ContactUsFrm', 'Contact Us Form').find('#field_11').should('contain', 'First name');\ncy.contains('#ContactUsFrm', 'Contact Us Form').find('#field_12').should('contain', 'Email');\n// JQuery Approach\ncy.contains('#ContactUsFrm', 'Contact Us Form').then(text => {\n  const firstNameText = text.find('#field_11').text();\n  expect(firstNameText).to.contain('First name');\n  const emailText = text.find('#field_12').text();\n  expect(emailText).to.contain('Email');\n  //embedded commands(Closure)\n  cy.get('#field_11').then(fnText => {\n    cy.log(fnText.text());\n    cy.log(fnText);\n  });\n});\n//",
              "err": {},
              "uuid": "aa72bf55-edb0-4eda-9fb3-325eafb2932b",
              "parentUUID": "9dee0435-e7bd-4441-aa8d-d4068a2b9ec3",
              "isHook": false,
              "skipped": false
            }
          ],
          "suites": [],
          "passes": [
            "aa72bf55-edb0-4eda-9fb3-325eafb2932b"
          ],
          "failures": [],
          "pending": [],
          "skipped": [],
          "duration": 2844,
          "root": false,
          "rootEmpty": false,
          "_timeout": 2000
        }
      ],
      "passes": [],
      "failures": [],
      "pending": [],
      "skipped": [],
      "duration": 0,
      "root": true,
      "rootEmpty": true,
      "_timeout": 2000
    }
  ],
  "meta": {
    "mocha": {
      "version": "7.0.1"
    },
    "mochawesome": {
      "options": {
        "quiet": false,
        "reportFilename": "mochawesome",
        "saveHtml": false,
        "saveJson": true,
        "consoleReporter": "spec",
        "useInlineDiffs": false,
        "code": true
      },
      "version": "7.1.3"
    },
    "marge": {
      "options": {
        "id": "default",
        "reportDir": "cypress/results/mochawesome",
        "quite": true,
        "overwrite": false,
        "html": false,
        "json": true
      },
      "version": "6.2.0"
    }
  }
}